{"episode_reward": 0.0, "episode": 1.0, "duration": 34.6834659576416, "step": 500}
{"episode_reward": 3.0, "episode": 2.0, "duration": 1.2256760597229004, "step": 1000}
{"episode_reward": 11.0, "episode": 3.0, "batch_reward": 0.01727734375, "critic_loss": 0.07853718032035976, "actor_loss": -0.6070371641516685, "actor_target_entropy": -2.0, "actor_entropy": 2.5241319868564607, "alpha_loss": 0.325512699842453, "alpha_value": 0.09877712816355469, "duration": 130.82281732559204, "step": 1500}
{"episode_reward": 9.0, "episode": 4.0, "batch_reward": 0.0138984375, "critic_loss": 0.052743779424577954, "actor_loss": -0.9400922930240632, "actor_target_entropy": -2.0, "actor_entropy": 2.6203743801116945, "alpha_loss": 0.32298558521270754, "alpha_value": 0.09634914349806284, "duration": 123.71372961997986, "step": 2000}
{"episode_reward": 5.0, "episode": 5.0, "batch_reward": 0.01296875, "critic_loss": 0.050037036757450554, "actor_loss": -1.191739402770996, "actor_target_entropy": -2.0, "actor_entropy": 2.635472343444824, "alpha_loss": 0.31546080362796786, "alpha_value": 0.09401542860676233, "duration": 122.2979691028595, "step": 2500}
{"episode_reward": 4.0, "episode": 6.0, "batch_reward": 0.0157578125, "critic_loss": 0.07788627525838092, "actor_loss": -1.323305513381958, "actor_target_entropy": -2.0, "actor_entropy": 2.655554166793823, "alpha_loss": 0.307284033536911, "alpha_value": 0.09176429732976916, "duration": 123.19327592849731, "step": 3000}
{"episode_reward": 14.0, "episode": 7.0, "batch_reward": 0.01365625, "critic_loss": 0.10327803371660411, "actor_loss": -1.481721829891205, "actor_target_entropy": -2.0, "actor_entropy": 2.6459720058441163, "alpha_loss": 0.2968594025373459, "alpha_value": 0.08959537528818037, "duration": 120.67846822738647, "step": 3500}
{"episode_reward": 0.0, "episode": 8.0, "batch_reward": 0.01327734375, "critic_loss": 0.1902859078515321, "actor_loss": -1.5797843480110167, "actor_target_entropy": -2.0, "actor_entropy": 2.6519165143966674, "alpha_loss": 0.2844980698823929, "alpha_value": 0.08752527643505603, "duration": 122.95903635025024, "step": 4000}
{"episode_reward": 6.0, "episode": 9.0, "batch_reward": 0.01396875, "critic_loss": 0.2864556271508336, "actor_loss": -1.718641342163086, "actor_target_entropy": -2.0, "actor_entropy": 2.672958483695984, "alpha_loss": 0.2547692610025406, "alpha_value": 0.08557261226348928, "duration": 115.11002802848816, "step": 4500}
{"episode_reward": 16.0, "episode": 10.0, "batch_reward": 0.01584375, "critic_loss": 0.32648694854974747, "actor_loss": -1.9325215306282044, "actor_target_entropy": -2.0, "actor_entropy": 2.627133529663086, "alpha_loss": 0.23828312677145005, "alpha_value": 0.08381926333393755, "step": 5000}
{"duration": 150.5806016921997, "step": 5000}
{"episode_reward": 12.0, "episode": 11.0, "batch_reward": 0.01484765625, "critic_loss": 0.2367162459939718, "actor_loss": -2.0801836438179016, "actor_target_entropy": -2.0, "actor_entropy": 2.603799433708191, "alpha_loss": 0.24566934937238694, "alpha_value": 0.08200426124377984, "duration": 119.59824061393738, "step": 5500}
{"episode_reward": 0.0, "episode": 12.0, "batch_reward": 0.01498046875, "critic_loss": 0.26796529756486415, "actor_loss": -2.6638773546218872, "actor_target_entropy": -2.0, "actor_entropy": 2.508408546447754, "alpha_loss": 0.22968926012516022, "alpha_value": 0.08022050332476924, "duration": 119.17984318733215, "step": 6000}
{"episode_reward": 30.0, "episode": 13.0, "batch_reward": 0.01862109375, "critic_loss": 0.3258185219168663, "actor_loss": -3.2338200883865356, "actor_target_entropy": -2.0, "actor_entropy": 2.4511638889312746, "alpha_loss": 0.20458618646860122, "alpha_value": 0.07856068830216383, "duration": 121.62804675102234, "step": 6500}
{"episode_reward": 14.0, "episode": 14.0, "batch_reward": 0.01992578125, "critic_loss": 0.3246194776892662, "actor_loss": -4.015569447517395, "actor_target_entropy": -2.0, "actor_entropy": 2.3166393451690674, "alpha_loss": 0.17764363467693328, "alpha_value": 0.07706916249149542, "duration": 121.96428918838501, "step": 7000}
{"episode_reward": 30.0, "episode": 15.0, "batch_reward": 0.0250703125, "critic_loss": 0.35722662740945815, "actor_loss": -4.827341617584229, "actor_target_entropy": -2.0, "actor_entropy": 2.1992232661247253, "alpha_loss": 0.15792007458209992, "alpha_value": 0.07571070002306747, "duration": 117.75485324859619, "step": 7500}
{"episode_reward": 58.0, "episode": 16.0, "batch_reward": 0.031546875, "critic_loss": 0.3077682577371597, "actor_loss": -5.5653992290496825, "actor_target_entropy": -2.0, "actor_entropy": 2.1499979104995726, "alpha_loss": 0.1491922959089279, "alpha_value": 0.0744005889607956, "duration": 125.86982798576355, "step": 8000}
{"episode_reward": 76.0, "episode": 17.0, "batch_reward": 0.04128125, "critic_loss": 0.3098611830770969, "actor_loss": -6.200871376037598, "actor_target_entropy": -2.0, "actor_entropy": 2.08956231880188, "alpha_loss": 0.13395849737524987, "alpha_value": 0.07311851987224607, "duration": 121.07104516029358, "step": 8500}
{"episode_reward": 153.0, "episode": 18.0, "batch_reward": 0.062546875, "critic_loss": 0.3504025374054909, "actor_loss": -6.859255107879639, "actor_target_entropy": -2.0, "actor_entropy": 1.955255967617035, "alpha_loss": 0.10916628959774971, "alpha_value": 0.07196304534334384, "duration": 131.48316359519958, "step": 9000}
{"episode_reward": 247.0, "episode": 19.0, "batch_reward": 0.08999609375, "critic_loss": 0.39355714643001555, "actor_loss": -7.709165967941284, "actor_target_entropy": -2.0, "actor_entropy": 1.8269097876548768, "alpha_loss": 0.08906784844398498, "alpha_value": 0.0709704668447882, "duration": 114.43913531303406, "step": 9500}
{"episode_reward": 357.0, "episode": 20.0, "batch_reward": 0.12887109375, "critic_loss": 0.4372439558506012, "actor_loss": -8.827558963775635, "actor_target_entropy": -2.0, "actor_entropy": 1.7115758695602417, "alpha_loss": 0.07279014813899994, "alpha_value": 0.07007773391641518, "step": 10000}
{"duration": 139.52692222595215, "step": 10000}
{"episode_reward": 444.0, "episode": 21.0, "batch_reward": 0.16745703125, "critic_loss": 0.4873011193871498, "actor_loss": -10.192858795166016, "actor_target_entropy": -2.0, "actor_entropy": 1.6196450901031494, "alpha_loss": 0.050065063662827015, "alpha_value": 0.06934808152899562, "duration": 107.78791522979736, "step": 10500}
{"episode_reward": 451.0, "episode": 22.0, "batch_reward": 0.20421875, "critic_loss": 0.5184785506129265, "actor_loss": -11.763237113952636, "actor_target_entropy": -2.0, "actor_entropy": 1.516463478565216, "alpha_loss": 0.03146258665621281, "alpha_value": 0.0688143275516244, "duration": 108.37926506996155, "step": 11000}
{"episode_reward": 497.0, "episode": 23.0, "batch_reward": 0.23605859375, "critic_loss": 0.5071489344239235, "actor_loss": -13.529608543395996, "actor_target_entropy": -2.0, "actor_entropy": 1.418429217338562, "alpha_loss": 0.016257071018917487, "alpha_value": 0.06847345872904931, "duration": 107.42907047271729, "step": 11500}
{"episode_reward": 490.0, "episode": 24.0, "batch_reward": 0.27144140625, "critic_loss": 0.4893072502017021, "actor_loss": -15.360998657226563, "actor_target_entropy": -2.0, "actor_entropy": 1.388402711391449, "alpha_loss": 0.005401605325518176, "alpha_value": 0.06830817295743878, "duration": 107.49082088470459, "step": 12000}
{"episode_reward": 553.0, "episode": 25.0, "batch_reward": 0.30636328125, "critic_loss": 0.4546984539628029, "actor_loss": -17.282731307983397, "actor_target_entropy": -2.0, "actor_entropy": 1.3322632722854615, "alpha_loss": -0.0015405864124186338, "alpha_value": 0.06826134460438829, "duration": 108.1025938987732, "step": 12500}
{"episode_reward": 578.0, "episode": 26.0, "batch_reward": 0.3412734375, "critic_loss": 0.4396039650440216, "actor_loss": -19.238372192382812, "actor_target_entropy": -2.0, "actor_entropy": 1.2813568587303161, "alpha_loss": -0.006513221035245806, "alpha_value": 0.06836356916192433, "duration": 107.67913889884949, "step": 13000}
{"episode_reward": 599.0, "episode": 27.0, "batch_reward": 0.37355859375, "critic_loss": 0.42715108662843704, "actor_loss": -21.163833518981935, "actor_target_entropy": -2.0, "actor_entropy": 1.2440542631149292, "alpha_loss": -0.00897009411198087, "alpha_value": 0.06854459139276359, "duration": 108.61257553100586, "step": 13500}
{"episode_reward": 612.0, "episode": 28.0, "batch_reward": 0.40591015625, "critic_loss": 0.4335814335346222, "actor_loss": -23.120090408325197, "actor_target_entropy": -2.0, "actor_entropy": 1.2443320040702819, "alpha_loss": -0.012523573030717671, "alpha_value": 0.06885210913219915, "duration": 108.81776928901672, "step": 14000}
{"episode_reward": 618.0, "episode": 29.0, "batch_reward": 0.43061328125, "critic_loss": 0.45025468945503233, "actor_loss": -25.0875546875, "actor_target_entropy": -2.0, "actor_entropy": 1.2081340277194976, "alpha_loss": -0.01467309225909412, "alpha_value": 0.06926542411719062, "duration": 108.61621022224426, "step": 14500}
{"episode_reward": 617.0, "episode": 30.0, "batch_reward": 0.4623828125, "critic_loss": 0.4732607342004776, "actor_loss": -27.073694259643556, "actor_target_entropy": -2.0, "actor_entropy": 1.1980568151473998, "alpha_loss": -0.01758180254837498, "alpha_value": 0.06983272501103617, "step": 15000}
{"duration": 140.49965810775757, "step": 15000}
{"episode_reward": 651.0, "episode": 31.0, "batch_reward": 0.48939453125, "critic_loss": 0.48089271295070646, "actor_loss": -29.047062187194825, "actor_target_entropy": -2.0, "actor_entropy": 1.1644842562675477, "alpha_loss": -0.01800180339626968, "alpha_value": 0.07052978933425276, "duration": 107.96957278251648, "step": 15500}
{"episode_reward": 650.0, "episode": 32.0, "batch_reward": 0.51294140625, "critic_loss": 0.48438516885042193, "actor_loss": -31.010859664916993, "actor_target_entropy": -2.0, "actor_entropy": 1.1594074981212616, "alpha_loss": -0.01742203808715567, "alpha_value": 0.07128973440783795, "duration": 108.30862617492676, "step": 16000}
{"episode_reward": 649.0, "episode": 33.0, "batch_reward": 0.5384375, "critic_loss": 0.4890715139508247, "actor_loss": -32.98032592010498, "actor_target_entropy": -2.0, "actor_entropy": 1.1419205799102783, "alpha_loss": -0.018335621449165045, "alpha_value": 0.07215031151504826, "duration": 108.31677293777466, "step": 16500}
{"episode_reward": 628.0, "episode": 34.0, "batch_reward": 0.56415625, "critic_loss": 0.4819268653988838, "actor_loss": -34.96785409545898, "actor_target_entropy": -2.0, "actor_entropy": 1.1375365681648255, "alpha_loss": -0.018401369613595307, "alpha_value": 0.07315771172304086, "duration": 108.33823347091675, "step": 17000}
{"episode_reward": 667.0, "episode": 35.0, "batch_reward": 0.58475390625, "critic_loss": 0.49308519595861433, "actor_loss": -36.87565495300293, "actor_target_entropy": -2.0, "actor_entropy": 1.1274095222949982, "alpha_loss": -0.019770961899310352, "alpha_value": 0.07424604382186258, "duration": 108.9071900844574, "step": 17500}
{"episode_reward": 710.0, "episode": 36.0, "batch_reward": 0.607859375, "critic_loss": 0.5038245224356651, "actor_loss": -38.791117401123046, "actor_target_entropy": -2.0, "actor_entropy": 1.0925850002765656, "alpha_loss": -0.020421807269565762, "alpha_value": 0.07550043916076934, "duration": 109.78126835823059, "step": 18000}
{"episode_reward": 726.0, "episode": 37.0, "batch_reward": 0.63275390625, "critic_loss": 0.5533475479483605, "actor_loss": -40.73693890380859, "actor_target_entropy": -2.0, "actor_entropy": 1.0890163583755492, "alpha_loss": -0.022531732484698294, "alpha_value": 0.07697004708956709, "duration": 109.6785454750061, "step": 18500}
{"episode_reward": 707.0, "episode": 38.0, "batch_reward": 0.652265625, "critic_loss": 0.5590669040679932, "actor_loss": -42.663089736938474, "actor_target_entropy": -2.0, "actor_entropy": 1.0625550310611724, "alpha_loss": -0.023267967496067285, "alpha_value": 0.07859623530180238, "duration": 110.14145016670227, "step": 19000}
{"episode_reward": 711.0, "episode": 39.0, "batch_reward": 0.67116015625, "critic_loss": 0.6069975934624672, "actor_loss": -44.60061454772949, "actor_target_entropy": -2.0, "actor_entropy": 1.042688483953476, "alpha_loss": -0.024732409403193743, "alpha_value": 0.08039450545940358, "duration": 109.51176691055298, "step": 19500}
{"episode_reward": 716.0, "episode": 40.0, "batch_reward": 0.69144140625, "critic_loss": 0.630479596555233, "actor_loss": -46.53276997375488, "actor_target_entropy": -2.0, "actor_entropy": 1.0323079397678376, "alpha_loss": -0.027792241655290126, "alpha_value": 0.08234393474950243, "step": 20000}
{"duration": 141.4343240261078, "step": 20000}
{"episode_reward": 750.0, "episode": 41.0, "batch_reward": 0.71520703125, "critic_loss": 0.6232371462583541, "actor_loss": -48.46442111206055, "actor_target_entropy": -2.0, "actor_entropy": 1.0319116249084472, "alpha_loss": -0.02820949758961797, "alpha_value": 0.08451683466834875, "duration": 109.3311071395874, "step": 20500}
{"episode_reward": 781.0, "episode": 42.0, "batch_reward": 0.7360703125, "critic_loss": 0.6670433664917946, "actor_loss": -50.344140167236326, "actor_target_entropy": -2.0, "actor_entropy": 1.0247050778865814, "alpha_loss": -0.024838733506388964, "alpha_value": 0.08655870030334568, "duration": 109.67710590362549, "step": 21000}
{"episode_reward": 772.0, "episode": 43.0, "batch_reward": 0.75062890625, "critic_loss": 0.6884743459224701, "actor_loss": -52.179711990356445, "actor_target_entropy": -2.0, "actor_entropy": 1.0079259865283967, "alpha_loss": -0.025977004902437328, "alpha_value": 0.08854787599524944, "duration": 109.80846977233887, "step": 21500}
{"episode_reward": 758.0, "episode": 44.0, "batch_reward": 0.77194921875, "critic_loss": 0.7113592979311943, "actor_loss": -54.04585641479492, "actor_target_entropy": -2.0, "actor_entropy": 0.9971283028125763, "alpha_loss": -0.024909242658875883, "alpha_value": 0.09062592821640313, "duration": 109.75809001922607, "step": 22000}
{"episode_reward": 788.0, "episode": 45.0, "batch_reward": 0.7892734375, "critic_loss": 0.675817013323307, "actor_loss": -55.8755440826416, "actor_target_entropy": -2.0, "actor_entropy": 0.9781489479541778, "alpha_loss": -0.023121154319494963, "alpha_value": 0.09261480692111655, "duration": 109.44956493377686, "step": 22500}
{"episode_reward": 834.0, "episode": 46.0, "batch_reward": 0.80880859375, "critic_loss": 0.7159676041603088, "actor_loss": -57.657256423950194, "actor_target_entropy": -2.0, "actor_entropy": 0.9636593396663666, "alpha_loss": -0.023124847516417503, "alpha_value": 0.09458338329234585, "duration": 110.52791905403137, "step": 23000}
{"episode_reward": 839.0, "episode": 47.0, "batch_reward": 0.82459765625, "critic_loss": 0.7310180460214615, "actor_loss": -59.401863342285154, "actor_target_entropy": -2.0, "actor_entropy": 0.9720409672260284, "alpha_loss": -0.02358435736829415, "alpha_value": 0.09670612918716787, "duration": 111.04737138748169, "step": 23500}
{"episode_reward": 767.0, "episode": 48.0, "batch_reward": 0.84132421875, "critic_loss": 0.8046158145666122, "actor_loss": -61.1110387878418, "actor_target_entropy": -2.0, "actor_entropy": 0.9608278880119324, "alpha_loss": -0.02176150425244123, "alpha_value": 0.09879866793452853, "duration": 110.29227018356323, "step": 24000}
{"episode_reward": 772.0, "episode": 49.0, "batch_reward": 0.85739453125, "critic_loss": 0.8471476544141769, "actor_loss": -62.81559387207031, "actor_target_entropy": -2.0, "actor_entropy": 0.9363164200782775, "alpha_loss": -0.02062392144277692, "alpha_value": 0.10079272488138977, "duration": 110.49152684211731, "step": 24500}
{"episode_reward": 788.0, "episode": 50.0, "batch_reward": 0.87196484375, "critic_loss": 0.8988130209445954, "actor_loss": -64.50538870239258, "actor_target_entropy": -2.0, "actor_entropy": 0.9124839189052582, "alpha_loss": -0.022326076358091085, "alpha_value": 0.10292849183122685, "step": 25000}
{"duration": 143.0329110622406, "step": 25000}
{"episode_reward": 817.0, "episode": 51.0, "batch_reward": 0.88671875, "critic_loss": 0.8739242312908173, "actor_loss": -66.1186279296875, "actor_target_entropy": -2.0, "actor_entropy": 0.8935505042076111, "alpha_loss": -0.02035172108700499, "alpha_value": 0.10510479017601168, "duration": 109.82556390762329, "step": 25500}
{"episode_reward": 873.0, "episode": 52.0, "batch_reward": 0.90191796875, "critic_loss": 0.8903122915029525, "actor_loss": -67.79083004760743, "actor_target_entropy": -2.0, "actor_entropy": 0.885926102399826, "alpha_loss": -0.019524937936570494, "alpha_value": 0.10718394503493206, "duration": 110.55645108222961, "step": 26000}
{"episode_reward": 852.0, "episode": 53.0, "batch_reward": 0.922140625, "critic_loss": 0.9065946654081345, "actor_loss": -69.4308779296875, "actor_target_entropy": -2.0, "actor_entropy": 0.8707493267059326, "alpha_loss": -0.01715527370152995, "alpha_value": 0.10918861284215632, "duration": 109.94041395187378, "step": 26500}
{"episode_reward": 872.0, "episode": 54.0, "batch_reward": 0.9319296875, "critic_loss": 0.8878286004066467, "actor_loss": -71.0089016418457, "actor_target_entropy": -2.0, "actor_entropy": 0.8655104956626892, "alpha_loss": -0.016190974067198112, "alpha_value": 0.11114281758495362, "duration": 110.50292706489563, "step": 27000}
{"episode_reward": 869.0, "episode": 55.0, "batch_reward": 0.9509140625, "critic_loss": 0.9385639065504074, "actor_loss": -72.62381192016602, "actor_target_entropy": -2.0, "actor_entropy": 0.8650535287857055, "alpha_loss": -0.016227469679899513, "alpha_value": 0.11302160794141075, "duration": 110.7621705532074, "step": 27500}
{"episode_reward": 842.0, "episode": 56.0, "batch_reward": 0.96426953125, "critic_loss": 0.9829796682596207, "actor_loss": -74.1788291015625, "actor_target_entropy": -2.0, "actor_entropy": 0.8585473279953003, "alpha_loss": -0.015479762019589543, "alpha_value": 0.11506345715487744, "duration": 110.02641105651855, "step": 28000}
{"episode_reward": 907.0, "episode": 57.0, "batch_reward": 0.98166796875, "critic_loss": 0.9707744710445404, "actor_loss": -75.79850076293945, "actor_target_entropy": -2.0, "actor_entropy": 0.8496048719882965, "alpha_loss": -0.016561883495654912, "alpha_value": 0.11710757823830194, "duration": 111.20492148399353, "step": 28500}
{"episode_reward": 914.0, "episode": 58.0, "batch_reward": 0.98997265625, "critic_loss": 0.9825258750915528, "actor_loss": -77.33857229614257, "actor_target_entropy": -2.0, "actor_entropy": 0.8528834567070007, "alpha_loss": -0.01766195161594078, "alpha_value": 0.1193773255023928, "duration": 111.21638178825378, "step": 29000}
{"episode_reward": 882.0, "episode": 59.0, "batch_reward": 1.005875, "critic_loss": 1.008268366575241, "actor_loss": -78.86621044921876, "actor_target_entropy": -2.0, "actor_entropy": 0.8155524277687073, "alpha_loss": -0.01692908689798787, "alpha_value": 0.12183792922465393, "duration": 109.5804557800293, "step": 29500}
{"episode_reward": 889.0, "episode": 60.0, "batch_reward": 1.01557421875, "critic_loss": 1.0423613271713257, "actor_loss": -80.3800396118164, "actor_target_entropy": -2.0, "actor_entropy": 0.8051234824657441, "alpha_loss": -0.01464291988685727, "alpha_value": 0.12396309735122046, "step": 30000}
{"duration": 143.56890845298767, "step": 30000}
{"episode_reward": 863.0, "episode": 61.0, "batch_reward": 1.0276640625, "critic_loss": 1.0841584516763687, "actor_loss": -81.86048452758789, "actor_target_entropy": -2.0, "actor_entropy": 0.8065827021598816, "alpha_loss": -0.015306457256665454, "alpha_value": 0.12625231328488884, "duration": 111.69970846176147, "step": 30500}
{"episode_reward": 909.0, "episode": 62.0, "batch_reward": 1.0435, "critic_loss": 1.034780664086342, "actor_loss": -83.33222579956055, "actor_target_entropy": -2.0, "actor_entropy": 0.774933988571167, "alpha_loss": -0.015609504214953631, "alpha_value": 0.12844781487828708, "duration": 111.62398266792297, "step": 31000}
{"episode_reward": 872.0, "episode": 63.0, "batch_reward": 1.05632421875, "critic_loss": 1.075381415128708, "actor_loss": -84.72054498291016, "actor_target_entropy": -2.0, "actor_entropy": 0.7798569068908692, "alpha_loss": -0.014270462098065763, "alpha_value": 0.13075336495293077, "duration": 111.09987950325012, "step": 31500}
{"episode_reward": 917.0, "episode": 64.0, "batch_reward": 1.06676953125, "critic_loss": 0.9978638002872467, "actor_loss": -86.11127694702148, "actor_target_entropy": -2.0, "actor_entropy": 0.7815381355285644, "alpha_loss": -0.012241824459284545, "alpha_value": 0.13279846449990812, "duration": 112.32286739349365, "step": 32000}
{"episode_reward": 886.0, "episode": 65.0, "batch_reward": 1.0780078125, "critic_loss": 1.022928123831749, "actor_loss": -87.52219512939453, "actor_target_entropy": -2.0, "actor_entropy": 0.7738479721546173, "alpha_loss": -0.012134638156741857, "alpha_value": 0.13483619072626155, "duration": 111.37219476699829, "step": 32500}
{"episode_reward": 931.0, "episode": 66.0, "batch_reward": 1.0883671875, "critic_loss": 0.9567843718528748, "actor_loss": -88.89043969726562, "actor_target_entropy": -2.0, "actor_entropy": 0.7591992037296296, "alpha_loss": -0.009484542600810528, "alpha_value": 0.13652671690988807, "duration": 112.36663103103638, "step": 33000}
{"episode_reward": 910.0, "episode": 67.0, "batch_reward": 1.10134765625, "critic_loss": 1.0346507025957108, "actor_loss": -90.20645867919922, "actor_target_entropy": -2.0, "actor_entropy": 0.7712046294212341, "alpha_loss": -0.007806024397723377, "alpha_value": 0.13791143578739415, "duration": 112.09350037574768, "step": 33500}
{"episode_reward": 912.0, "episode": 68.0, "batch_reward": 1.112921875, "critic_loss": 0.9810125229358673, "actor_loss": -91.51977166748047, "actor_target_entropy": -2.0, "actor_entropy": 0.7445181705951691, "alpha_loss": -0.0066203306163661185, "alpha_value": 0.13932615986595023, "duration": 112.3849241733551, "step": 34000}
{"episode_reward": 928.0, "episode": 69.0, "batch_reward": 1.1217734375, "critic_loss": 0.9998677104711533, "actor_loss": -92.82946243286133, "actor_target_entropy": -2.0, "actor_entropy": 0.75282559299469, "alpha_loss": -0.002477293271571398, "alpha_value": 0.14008499876508784, "duration": 112.76069855690002, "step": 34500}
{"episode_reward": 879.0, "episode": 70.0, "batch_reward": 1.13138671875, "critic_loss": 0.9855788871049881, "actor_loss": -94.08292584228515, "actor_target_entropy": -2.0, "actor_entropy": 0.7487867980003357, "alpha_loss": -0.005505045246100054, "alpha_value": 0.14090534957764966, "step": 35000}
{"duration": 144.31788635253906, "step": 35000}
{"episode_reward": 899.0, "episode": 71.0, "batch_reward": 1.14292578125, "critic_loss": 0.9766618033647537, "actor_loss": -95.29721264648437, "actor_target_entropy": -2.0, "actor_entropy": 0.7367907149791717, "alpha_loss": -0.007193917840253561, "alpha_value": 0.1421892422218931, "duration": 113.16582441329956, "step": 35500}
{"episode_reward": 967.0, "episode": 72.0, "batch_reward": 1.1494375, "critic_loss": 1.0138095091581345, "actor_loss": -96.47673287963867, "actor_target_entropy": -2.0, "actor_entropy": 0.7382148249149323, "alpha_loss": -0.0013946512290276586, "alpha_value": 0.14298289070290876, "duration": 112.63410639762878, "step": 36000}
{"episode_reward": 914.0, "episode": 73.0, "batch_reward": 1.1629609375, "critic_loss": 1.048873465180397, "actor_loss": -97.6648998413086, "actor_target_entropy": -2.0, "actor_entropy": 0.7211446471214294, "alpha_loss": -2.8309629764407872e-05, "alpha_value": 0.14308540959564234, "duration": 111.54660224914551, "step": 36500}
{"episode_reward": 889.0, "episode": 74.0, "batch_reward": 1.1730625, "critic_loss": 1.0410340275764465, "actor_loss": -98.80344857788086, "actor_target_entropy": -2.0, "actor_entropy": 0.7079360151290893, "alpha_loss": -0.004748438283801079, "alpha_value": 0.1435815566933083, "duration": 113.56862759590149, "step": 37000}
{"episode_reward": 910.0, "episode": 75.0, "batch_reward": 1.18130859375, "critic_loss": 1.028741056919098, "actor_loss": -99.93188327026367, "actor_target_entropy": -2.0, "actor_entropy": 0.7040193650722504, "alpha_loss": -0.0010686085294000804, "alpha_value": 0.14426999538822283, "duration": 112.629647731781, "step": 37500}
{"episode_reward": 938.0, "episode": 76.0, "batch_reward": 1.18990625, "critic_loss": 1.0328658456802369, "actor_loss": -101.07034393310546, "actor_target_entropy": -2.0, "actor_entropy": 0.7029344880580902, "alpha_loss": -0.0009769194247201086, "alpha_value": 0.14443167955822905, "duration": 113.76541829109192, "step": 38000}
{"episode_reward": 943.0, "episode": 77.0, "batch_reward": 1.19779296875, "critic_loss": 1.0432619379758834, "actor_loss": -102.15247076416016, "actor_target_entropy": -2.0, "actor_entropy": 0.704370873451233, "alpha_loss": -0.00347931400872767, "alpha_value": 0.14489178874394593, "duration": 112.95430970191956, "step": 38500}
{"episode_reward": 941.0, "episode": 78.0, "batch_reward": 1.2095, "critic_loss": 0.9886282244920731, "actor_loss": -103.25521170043945, "actor_target_entropy": -2.0, "actor_entropy": 0.6817931509017945, "alpha_loss": -0.0034125630306079983, "alpha_value": 0.14570892000436664, "duration": 113.45585632324219, "step": 39000}
{"episode_reward": 934.0, "episode": 79.0, "batch_reward": 1.21662109375, "critic_loss": 1.0021599695682526, "actor_loss": -104.30759902954101, "actor_target_entropy": -2.0, "actor_entropy": 0.6916683452129364, "alpha_loss": -0.0013186932634562255, "alpha_value": 0.14615456741353927, "duration": 112.78600525856018, "step": 39500}
{"episode_reward": 920.0, "episode": 80.0, "batch_reward": 1.22493359375, "critic_loss": 1.0543338967561722, "actor_loss": -105.3965615234375, "actor_target_entropy": -2.0, "actor_entropy": 0.6840728180408477, "alpha_loss": -0.002769847455434501, "alpha_value": 0.14651411286783722, "step": 40000}
{"duration": 146.6728756427765, "step": 40000}
{"episode_reward": 942.0, "episode": 81.0, "batch_reward": 1.229671875, "critic_loss": 1.0259410625696181, "actor_loss": -106.4085499572754, "actor_target_entropy": -2.0, "actor_entropy": 0.6796270802021026, "alpha_loss": -0.002841439255513251, "alpha_value": 0.14724945663018973, "duration": 114.54965949058533, "step": 40500}
{"episode_reward": 919.0, "episode": 82.0, "batch_reward": 1.23416015625, "critic_loss": 1.0464599933624268, "actor_loss": -107.44999694824219, "actor_target_entropy": -2.0, "actor_entropy": 0.6721009078025818, "alpha_loss": -0.0016923921760171653, "alpha_value": 0.1479434093855685, "duration": 113.06019258499146, "step": 41000}
{"episode_reward": 897.0, "episode": 83.0, "batch_reward": 1.24515625, "critic_loss": 1.0556880635023118, "actor_loss": -108.47500500488282, "actor_target_entropy": -2.0, "actor_entropy": 0.6826997902393341, "alpha_loss": -0.0036676981044001878, "alpha_value": 0.1483921969250941, "duration": 114.18842697143555, "step": 41500}
{"episode_reward": 947.0, "episode": 84.0, "batch_reward": 1.254625, "critic_loss": 1.0404364303350448, "actor_loss": -109.42432275390625, "actor_target_entropy": -2.0, "actor_entropy": 0.6711189657449722, "alpha_loss": -0.002642830951139331, "alpha_value": 0.14915448660820207, "duration": 112.05328035354614, "step": 42000}
{"episode_reward": 933.0, "episode": 85.0, "batch_reward": 1.26165625, "critic_loss": 1.0268526377677918, "actor_loss": -110.39445764160156, "actor_target_entropy": -2.0, "actor_entropy": 0.6572875258922577, "alpha_loss": -0.001481717529706657, "alpha_value": 0.1496178382959343, "duration": 112.7701108455658, "step": 42500}
{"episode_reward": 940.0, "episode": 86.0, "batch_reward": 1.2652265625, "critic_loss": 1.0022493368387222, "actor_loss": -111.29707415771485, "actor_target_entropy": -2.0, "actor_entropy": 0.6581524718999863, "alpha_loss": -0.003086033331230283, "alpha_value": 0.15003965757402218, "duration": 111.88923597335815, "step": 43000}
{"episode_reward": 942.0, "episode": 87.0, "batch_reward": 1.27680078125, "critic_loss": 1.0603599714040757, "actor_loss": -112.29739108276367, "actor_target_entropy": -2.0, "actor_entropy": 0.6548348168134689, "alpha_loss": -0.0032447620262391866, "alpha_value": 0.15089235704783485, "duration": 112.57476568222046, "step": 43500}
{"episode_reward": 943.0, "episode": 88.0, "batch_reward": 1.28408984375, "critic_loss": 1.0151638420820237, "actor_loss": -113.21389227294922, "actor_target_entropy": -2.0, "actor_entropy": 0.6430432816743851, "alpha_loss": -0.0029739360962994397, "alpha_value": 0.15148237518710161, "duration": 111.86540937423706, "step": 44000}
{"episode_reward": 943.0, "episode": 89.0, "batch_reward": 1.2883828125, "critic_loss": 1.072546457886696, "actor_loss": -114.0788723449707, "actor_target_entropy": -2.0, "actor_entropy": 0.6573269131183624, "alpha_loss": -0.0023427009200677274, "alpha_value": 0.15217079778583448, "duration": 112.77024793624878, "step": 44500}
{"episode_reward": 926.0, "episode": 90.0, "batch_reward": 1.2948671875, "critic_loss": 1.0336815230846406, "actor_loss": -114.9697590637207, "actor_target_entropy": -2.0, "actor_entropy": 0.6320195363759995, "alpha_loss": -0.0028116844878531993, "alpha_value": 0.15268340231455257, "step": 45000}
{"duration": 143.91354489326477, "step": 45000}
{"episode_reward": 945.0, "episode": 91.0, "batch_reward": 1.30357421875, "critic_loss": 1.016194529414177, "actor_loss": -115.80692495727538, "actor_target_entropy": -2.0, "actor_entropy": 0.6308199503421783, "alpha_loss": -0.00209736630320549, "alpha_value": 0.1533980698723086, "duration": 115.41958403587341, "step": 45500}
{"episode_reward": 925.0, "episode": 92.0, "batch_reward": 1.30422265625, "critic_loss": 1.0489462034702302, "actor_loss": -116.62838806152344, "actor_target_entropy": -2.0, "actor_entropy": 0.6249399410486222, "alpha_loss": -0.0025483503099530936, "alpha_value": 0.15374249317237246, "duration": 113.20939135551453, "step": 46000}
{"episode_reward": 924.0, "episode": 93.0, "batch_reward": 1.31339453125, "critic_loss": 1.083370088338852, "actor_loss": -117.44823257446289, "actor_target_entropy": -2.0, "actor_entropy": 0.6370257444381714, "alpha_loss": -0.002061288084369153, "alpha_value": 0.1543819504919222, "duration": 113.49472284317017, "step": 46500}
{"episode_reward": 920.0, "episode": 94.0, "batch_reward": 1.319765625, "critic_loss": 1.0492409292459488, "actor_loss": -118.29830895996093, "actor_target_entropy": -2.0, "actor_entropy": 0.6290417593717575, "alpha_loss": -0.0021466799681074916, "alpha_value": 0.15479446193975463, "duration": 113.77731823921204, "step": 47000}
{"episode_reward": 939.0, "episode": 95.0, "batch_reward": 1.324703125, "critic_loss": 1.0673220452070236, "actor_loss": -119.0580269165039, "actor_target_entropy": -2.0, "actor_entropy": 0.6177265686988831, "alpha_loss": -0.0008609675057232379, "alpha_value": 0.15532146772761582, "duration": 112.82771468162537, "step": 47500}
{"episode_reward": 943.0, "episode": 96.0, "batch_reward": 1.3289765625, "critic_loss": 1.0530783915519715, "actor_loss": -119.81493157958984, "actor_target_entropy": -2.0, "actor_entropy": 0.6078145192861557, "alpha_loss": -0.002487668537069112, "alpha_value": 0.15541881409784788, "duration": 115.6058566570282, "step": 48000}
{"episode_reward": 912.0, "episode": 97.0, "batch_reward": 1.33226171875, "critic_loss": 1.024346603512764, "actor_loss": -120.59709762573242, "actor_target_entropy": -2.0, "actor_entropy": 0.6091408346891403, "alpha_loss": -0.0009910741737112403, "alpha_value": 0.15595345038647726, "duration": 112.69818091392517, "step": 48500}
{"episode_reward": 936.0, "episode": 98.0, "batch_reward": 1.341203125, "critic_loss": 1.0674804412126542, "actor_loss": -121.3325033569336, "actor_target_entropy": -2.0, "actor_entropy": 0.620784970164299, "alpha_loss": -0.0016708575515076518, "alpha_value": 0.15616473837058675, "duration": 113.97250413894653, "step": 49000}
{"episode_reward": 980.0, "episode": 99.0, "batch_reward": 1.34685546875, "critic_loss": 1.0745270727872849, "actor_loss": -122.09084158325196, "actor_target_entropy": -2.0, "actor_entropy": 0.6004292542934417, "alpha_loss": -0.003956685038749129, "alpha_value": 0.15673872822738041, "duration": 112.85471510887146, "step": 49500}
{"episode_reward": 919.0, "episode": 100.0, "batch_reward": 1.35066015625, "critic_loss": 1.0831643843650818, "actor_loss": -122.7906025390625, "actor_target_entropy": -2.0, "actor_entropy": 0.5900900356769562, "alpha_loss": -0.0012897485289722682, "alpha_value": 0.15747836263031936, "step": 50000}
{"duration": 146.33433151245117, "step": 50000}
{"episode_reward": 959.0, "episode": 101.0, "batch_reward": 1.36039453125, "critic_loss": 1.073733378648758, "actor_loss": -123.47341876220703, "actor_target_entropy": -2.0, "actor_entropy": 0.6012102278470993, "alpha_loss": -0.0018015181054361164, "alpha_value": 0.15797575708046277, "duration": 116.15918922424316, "step": 50500}
{"episode_reward": 962.0, "episode": 102.0, "batch_reward": 1.3656875, "critic_loss": 1.0285091061592102, "actor_loss": -124.15082321166992, "actor_target_entropy": -2.0, "actor_entropy": 0.5828880648612976, "alpha_loss": -0.002166812316281721, "alpha_value": 0.1582939896376072, "duration": 113.16215872764587, "step": 51000}
{"episode_reward": 969.0, "episode": 103.0, "batch_reward": 1.37339453125, "critic_loss": 1.0667886742353438, "actor_loss": -124.8308235168457, "actor_target_entropy": -2.0, "actor_entropy": 0.606093365073204, "alpha_loss": -0.00047934522572904825, "alpha_value": 0.1585556155335813, "duration": 114.65424013137817, "step": 51500}
{"episode_reward": 957.0, "episode": 104.0, "batch_reward": 1.375390625, "critic_loss": 1.0533810588121415, "actor_loss": -125.51539727783204, "actor_target_entropy": -2.0, "actor_entropy": 0.5861748734712601, "alpha_loss": -0.002800475581549108, "alpha_value": 0.15899345796928072, "duration": 113.95554900169373, "step": 52000}
{"episode_reward": 949.0, "episode": 105.0, "batch_reward": 1.37909765625, "critic_loss": 1.0298064292669296, "actor_loss": -126.14327444458007, "actor_target_entropy": -2.0, "actor_entropy": 0.5995781173706055, "alpha_loss": -2.461404586210847e-05, "alpha_value": 0.1593901132923458, "duration": 114.03945589065552, "step": 52500}
{"episode_reward": 931.0, "episode": 106.0, "batch_reward": 1.3824296875, "critic_loss": 1.033010883450508, "actor_loss": -126.72825396728516, "actor_target_entropy": -2.0, "actor_entropy": 0.6012161663770675, "alpha_loss": -0.0023908565803430976, "alpha_value": 0.15979275663273634, "duration": 115.09505200386047, "step": 53000}
{"episode_reward": 961.0, "episode": 107.0, "batch_reward": 1.38916796875, "critic_loss": 1.044766519665718, "actor_loss": -127.32845846557618, "actor_target_entropy": -2.0, "actor_entropy": 0.5830062712430955, "alpha_loss": 0.000877306358423084, "alpha_value": 0.15974806813562234, "duration": 114.00430917739868, "step": 53500}
{"episode_reward": 913.0, "episode": 108.0, "batch_reward": 1.3945625, "critic_loss": 1.043223157286644, "actor_loss": -127.94313381958008, "actor_target_entropy": -2.0, "actor_entropy": 0.5806942902803421, "alpha_loss": -0.0018482913067564368, "alpha_value": 0.16000069028513839, "duration": 115.08111095428467, "step": 54000}
{"episode_reward": 949.0, "episode": 109.0, "batch_reward": 1.39741015625, "critic_loss": 1.0250546789169313, "actor_loss": -128.48979403686525, "actor_target_entropy": -2.0, "actor_entropy": 0.5720338606834412, "alpha_loss": -0.0016508188885636628, "alpha_value": 0.16034831691352705, "duration": 115.49104714393616, "step": 54500}
{"episode_reward": 915.0, "episode": 110.0, "batch_reward": 1.40167578125, "critic_loss": 1.0229524050951004, "actor_loss": -129.07552697753906, "actor_target_entropy": -2.0, "actor_entropy": 0.5803166270256043, "alpha_loss": -0.002101502296514809, "alpha_value": 0.16069907691252697, "step": 55000}
{"duration": 146.9700484275818, "step": 55000}
{"episode_reward": 954.0, "episode": 111.0, "batch_reward": 1.4053125, "critic_loss": 1.0163599145412445, "actor_loss": -129.6303759765625, "actor_target_entropy": -2.0, "actor_entropy": 0.5635653215646744, "alpha_loss": -0.002867496272083372, "alpha_value": 0.16141100924249632, "duration": 120.32079482078552, "step": 55500}
{"episode_reward": 951.0, "episode": 112.0, "batch_reward": 1.4107734375, "critic_loss": 1.0196367042064667, "actor_loss": -130.15600134277344, "actor_target_entropy": -2.0, "actor_entropy": 0.5740105177164078, "alpha_loss": -0.0005388724729418755, "alpha_value": 0.16178032346388074, "duration": 118.40177702903748, "step": 56000}
{"episode_reward": 945.0, "episode": 113.0, "batch_reward": 1.4137890625, "critic_loss": 1.029407521367073, "actor_loss": -130.74075085449218, "actor_target_entropy": -2.0, "actor_entropy": 0.5791658074855804, "alpha_loss": 0.0008219047645106911, "alpha_value": 0.1616589005723636, "duration": 116.08255505561829, "step": 56500}
{"episode_reward": 976.0, "episode": 114.0, "batch_reward": 1.42400390625, "critic_loss": 1.0195643523931504, "actor_loss": -131.26046997070313, "actor_target_entropy": -2.0, "actor_entropy": 0.56860544359684, "alpha_loss": -0.003193108938168734, "alpha_value": 0.16190032848564098, "duration": 115.378901720047, "step": 57000}
{"episode_reward": 949.0, "episode": 115.0, "batch_reward": 1.42540625, "critic_loss": 0.9845627340078353, "actor_loss": -131.79174688720704, "actor_target_entropy": -2.0, "actor_entropy": 0.5537541613578797, "alpha_loss": 0.000747255970723927, "alpha_value": 0.16222889295107715, "duration": 115.85319352149963, "step": 57500}
{"episode_reward": 962.0, "episode": 116.0, "batch_reward": 1.43179296875, "critic_loss": 0.9656874414682388, "actor_loss": -132.28092474365235, "actor_target_entropy": -2.0, "actor_entropy": 0.5661282720565796, "alpha_loss": 0.001210806641727686, "alpha_value": 0.16186905591890258, "duration": 114.81170439720154, "step": 58000}
{"episode_reward": 936.0, "episode": 117.0, "batch_reward": 1.43178125, "critic_loss": 1.0165553586483003, "actor_loss": -132.78567388916017, "actor_target_entropy": -2.0, "actor_entropy": 0.5592067669630051, "alpha_loss": 0.0010693395296111703, "alpha_value": 0.16170201071340015, "duration": 115.43503642082214, "step": 58500}
{"episode_reward": 953.0, "episode": 118.0, "batch_reward": 1.43662109375, "critic_loss": 0.9905610911846161, "actor_loss": -133.2897201538086, "actor_target_entropy": -2.0, "actor_entropy": 0.5580858950614929, "alpha_loss": -0.0006774314003996551, "alpha_value": 0.1616846263350089, "duration": 114.4994637966156, "step": 59000}
{"episode_reward": 938.0, "episode": 119.0, "batch_reward": 1.4421171875, "critic_loss": 0.9814406896829605, "actor_loss": -133.72592120361327, "actor_target_entropy": -2.0, "actor_entropy": 0.5599963214397431, "alpha_loss": 0.000935755574144423, "alpha_value": 0.1615076952551781, "duration": 115.70779991149902, "step": 59500}
{"episode_reward": 964.0, "episode": 120.0, "batch_reward": 1.444515625, "critic_loss": 0.9459222759008408, "actor_loss": -134.2172664794922, "actor_target_entropy": -2.0, "actor_entropy": 0.5395446450710296, "alpha_loss": 0.0027812329777516425, "alpha_value": 0.1612583482205634, "step": 60000}
{"duration": 148.29366993904114, "step": 60000}
{"episode_reward": 943.0, "episode": 121.0, "batch_reward": 1.4472890625, "critic_loss": 0.9256141797304154, "actor_loss": -134.64226959228515, "actor_target_entropy": -2.0, "actor_entropy": 0.5252499189376831, "alpha_loss": 9.981982596218585e-05, "alpha_value": 0.1608552871684826, "duration": 118.47505617141724, "step": 60500}
{"episode_reward": 963.0, "episode": 122.0, "batch_reward": 1.4512421875, "critic_loss": 0.9884937887191773, "actor_loss": -135.08864916992187, "actor_target_entropy": -2.0, "actor_entropy": 0.5495859528779984, "alpha_loss": -0.0003644290445372462, "alpha_value": 0.16087497674817341, "duration": 115.67213869094849, "step": 61000}
{"episode_reward": 944.0, "episode": 123.0, "batch_reward": 1.45262109375, "critic_loss": 0.9348033777475357, "actor_loss": -135.55670404052734, "actor_target_entropy": -2.0, "actor_entropy": 0.547991391301155, "alpha_loss": -0.00030081583838909866, "alpha_value": 0.16094332442737252, "duration": 115.151052236557, "step": 61500}
{"episode_reward": 949.0, "episode": 124.0, "batch_reward": 1.460515625, "critic_loss": 0.9562187919616699, "actor_loss": -136.03801977539064, "actor_target_entropy": -2.0, "actor_entropy": 0.5396063174009323, "alpha_loss": 4.6667350456118585e-05, "alpha_value": 0.1610235007938974, "duration": 116.6955361366272, "step": 62000}
{"episode_reward": 966.0, "episode": 125.0, "batch_reward": 1.4645078125, "critic_loss": 0.9134021426439285, "actor_loss": -136.46685943603515, "actor_target_entropy": -2.0, "actor_entropy": 0.5222020357847214, "alpha_loss": 0.0011036530383862556, "alpha_value": 0.16093234847395607, "duration": 116.72446703910828, "step": 62500}
{"episode_reward": 961.0, "episode": 126.0, "batch_reward": 1.462765625, "critic_loss": 0.9326700928211212, "actor_loss": -136.84381134033202, "actor_target_entropy": -2.0, "actor_entropy": 0.5345889511108398, "alpha_loss": 0.0016513843070715666, "alpha_value": 0.1606041465824656, "duration": 116.23078632354736, "step": 63000}
{"episode_reward": 959.0, "episode": 127.0, "batch_reward": 1.46863671875, "critic_loss": 0.931975767493248, "actor_loss": -137.26738037109374, "actor_target_entropy": -2.0, "actor_entropy": 0.5426669037342071, "alpha_loss": -0.0019888341799378395, "alpha_value": 0.1605244393217402, "duration": 116.05108594894409, "step": 63500}
{"episode_reward": 933.0, "episode": 128.0, "batch_reward": 1.47173046875, "critic_loss": 0.8922433577775956, "actor_loss": -137.66660528564452, "actor_target_entropy": -2.0, "actor_entropy": 0.5261201932430267, "alpha_loss": -0.00031038216827437284, "alpha_value": 0.1608229391101421, "duration": 115.49802684783936, "step": 64000}
{"episode_reward": 950.0, "episode": 129.0, "batch_reward": 1.4761640625, "critic_loss": 0.9163034459352494, "actor_loss": -138.0734243774414, "actor_target_entropy": -2.0, "actor_entropy": 0.5421462043523788, "alpha_loss": -0.0013104165610857308, "alpha_value": 0.1611906431625073, "duration": 116.24577641487122, "step": 64500}
{"episode_reward": 961.0, "episode": 130.0, "batch_reward": 1.479828125, "critic_loss": 0.856522740483284, "actor_loss": -138.48761895751954, "actor_target_entropy": -2.0, "actor_entropy": 0.5249182226657867, "alpha_loss": 0.0031772845941595734, "alpha_value": 0.16080944994955323, "step": 65000}
{"duration": 148.07097816467285, "step": 65000}
{"episode_reward": 948.0, "episode": 131.0, "batch_reward": 1.48256640625, "critic_loss": 0.8913133097887039, "actor_loss": -138.8891859741211, "actor_target_entropy": -2.0, "actor_entropy": 0.5131687927246094, "alpha_loss": -0.001256651597097516, "alpha_value": 0.16057725900349673, "duration": 117.724769115448, "step": 65500}
{"episode_reward": 951.0, "episode": 132.0, "batch_reward": 1.4861640625, "critic_loss": 0.8921136115789413, "actor_loss": -139.2650965576172, "actor_target_entropy": -2.0, "actor_entropy": 0.5293843128681183, "alpha_loss": 0.0013781453436240553, "alpha_value": 0.16041790531833997, "duration": 115.80747985839844, "step": 66000}
{"episode_reward": 963.0, "episode": 133.0, "batch_reward": 1.48853125, "critic_loss": 0.8833568404912948, "actor_loss": -139.61757720947264, "actor_target_entropy": -2.0, "actor_entropy": 0.529700910449028, "alpha_loss": 0.000779632680118084, "alpha_value": 0.1603053281724438, "duration": 116.23624753952026, "step": 66500}
{"episode_reward": 957.0, "episode": 134.0, "batch_reward": 1.49178125, "critic_loss": 0.9439057992696762, "actor_loss": -140.00161450195313, "actor_target_entropy": -2.0, "actor_entropy": 0.5251649310588836, "alpha_loss": 0.0006546530677005648, "alpha_value": 0.16024382083056737, "duration": 115.8400182723999, "step": 67000}
{"episode_reward": 941.0, "episode": 135.0, "batch_reward": 1.49490234375, "critic_loss": 0.8753222247362137, "actor_loss": -140.36033587646483, "actor_target_entropy": -2.0, "actor_entropy": 0.5143969583511353, "alpha_loss": -0.001496120299678296, "alpha_value": 0.16023105659733727, "duration": 115.99429416656494, "step": 67500}
{"episode_reward": 936.0, "episode": 136.0, "batch_reward": 1.50116015625, "critic_loss": 0.9074561752676964, "actor_loss": -140.72719067382812, "actor_target_entropy": -2.0, "actor_entropy": 0.5188931480646134, "alpha_loss": 0.0020450821719132364, "alpha_value": 0.16015095347599126, "duration": 118.18422222137451, "step": 68000}
{"episode_reward": 975.0, "episode": 137.0, "batch_reward": 1.5010859375, "critic_loss": 0.8910498720407486, "actor_loss": -141.0279404296875, "actor_target_entropy": -2.0, "actor_entropy": 0.5137315584421158, "alpha_loss": 0.0034144062348641455, "alpha_value": 0.15938907807736596, "duration": 117.4406247138977, "step": 68500}
{"episode_reward": 932.0, "episode": 138.0, "batch_reward": 1.50475390625, "critic_loss": 0.8908404800891876, "actor_loss": -141.41936737060547, "actor_target_entropy": -2.0, "actor_entropy": 0.5029150816202164, "alpha_loss": 0.0006547248978167773, "alpha_value": 0.15904868021304588, "duration": 116.3534779548645, "step": 69000}
{"episode_reward": 975.0, "episode": 139.0, "batch_reward": 1.5077109375, "critic_loss": 0.8760120288133622, "actor_loss": -141.78215270996094, "actor_target_entropy": -2.0, "actor_entropy": 0.525496542930603, "alpha_loss": 0.003173339484259486, "alpha_value": 0.15870079123008243, "duration": 120.05256295204163, "step": 69500}
{"episode_reward": 953.0, "episode": 140.0, "batch_reward": 1.5133046875, "critic_loss": 0.8463389587402343, "actor_loss": -142.15825769042968, "actor_target_entropy": -2.0, "actor_entropy": 0.4946853551864624, "alpha_loss": 0.001343680919148028, "alpha_value": 0.1580566838313678, "step": 70000}
{"duration": 152.75511169433594, "step": 70000}
{"episode_reward": 965.0, "episode": 141.0, "batch_reward": 1.51066015625, "critic_loss": 0.8909599767923355, "actor_loss": -142.41507873535156, "actor_target_entropy": -2.0, "actor_entropy": 0.5048893330097198, "alpha_loss": 0.0011001358893699944, "alpha_value": 0.15793046610488315, "duration": 121.26353287696838, "step": 70500}
{"episode_reward": 975.0, "episode": 142.0, "batch_reward": 1.5175390625, "critic_loss": 0.8590602998733521, "actor_loss": -142.77275982666015, "actor_target_entropy": -2.0, "actor_entropy": 0.5234005014896392, "alpha_loss": 0.0033002661606296897, "alpha_value": 0.15728386044683088, "duration": 119.33045864105225, "step": 71000}
{"episode_reward": 959.0, "episode": 143.0, "batch_reward": 1.51799609375, "critic_loss": 0.8851943103075027, "actor_loss": -143.10416479492187, "actor_target_entropy": -2.0, "actor_entropy": 0.5119114398956299, "alpha_loss": 0.0016401839451864362, "alpha_value": 0.1567662317279784, "duration": 118.76473879814148, "step": 71500}
{"episode_reward": 967.0, "episode": 144.0, "batch_reward": 1.5217265625, "critic_loss": 0.8305322688817978, "actor_loss": -143.42130694580078, "actor_target_entropy": -2.0, "actor_entropy": 0.4945665730237961, "alpha_loss": 0.000841084255836904, "alpha_value": 0.1566680415920389, "duration": 119.4317991733551, "step": 72000}
{"episode_reward": 956.0, "episode": 145.0, "batch_reward": 1.52378125, "critic_loss": 0.870696225643158, "actor_loss": -143.7596732788086, "actor_target_entropy": -2.0, "actor_entropy": 0.4984227206707001, "alpha_loss": -0.000488879957003519, "alpha_value": 0.1565510176175255, "duration": 119.89753365516663, "step": 72500}
{"episode_reward": 962.0, "episode": 146.0, "batch_reward": 1.5290390625, "critic_loss": 0.8267287731170654, "actor_loss": -144.07818438720705, "actor_target_entropy": -2.0, "actor_entropy": 0.4869060925245285, "alpha_loss": -0.00015920668700709938, "alpha_value": 0.15650196559830687, "duration": 120.43325757980347, "step": 73000}
{"episode_reward": 950.0, "episode": 147.0, "batch_reward": 1.530109375, "critic_loss": 0.8368356893062592, "actor_loss": -144.39334368896485, "actor_target_entropy": -2.0, "actor_entropy": 0.503660002708435, "alpha_loss": 0.0030055876658298076, "alpha_value": 0.15619680949612494, "duration": 119.64313983917236, "step": 73500}
{"episode_reward": 968.0, "episode": 148.0, "batch_reward": 1.531546875, "critic_loss": 0.7944818758964538, "actor_loss": -144.67866632080077, "actor_target_entropy": -2.0, "actor_entropy": 0.4819069085121155, "alpha_loss": 0.0029882198546547444, "alpha_value": 0.15545231061750459, "duration": 119.75758004188538, "step": 74000}
{"episode_reward": 922.0, "episode": 149.0, "batch_reward": 1.5335859375, "critic_loss": 0.8530557324886322, "actor_loss": -144.9867030029297, "actor_target_entropy": -2.0, "actor_entropy": 0.49484653198719025, "alpha_loss": 2.9604860581457614e-05, "alpha_value": 0.15535868574194306, "duration": 120.26006436347961, "step": 74500}
{"episode_reward": 936.0, "episode": 150.0, "batch_reward": 1.53815625, "critic_loss": 0.8196614255309105, "actor_loss": -145.35611126708983, "actor_target_entropy": -2.0, "actor_entropy": 0.4802046262025833, "alpha_loss": 0.0027360108285211025, "alpha_value": 0.15495301318651783, "step": 75000}
{"duration": 153.61419296264648, "step": 75000}
{"episode_reward": 964.0, "episode": 151.0, "batch_reward": 1.54188671875, "critic_loss": 0.8412106752395629, "actor_loss": -145.64148236083983, "actor_target_entropy": -2.0, "actor_entropy": 0.4901633962392807, "alpha_loss": 0.0031978752920404077, "alpha_value": 0.15410158770994606, "duration": 123.33255910873413, "step": 75500}
{"episode_reward": 965.0, "episode": 152.0, "batch_reward": 1.53940234375, "critic_loss": 0.8557646238207817, "actor_loss": -145.90312420654297, "actor_target_entropy": -2.0, "actor_entropy": 0.4989579775333405, "alpha_loss": 0.001360820340923965, "alpha_value": 0.15376762463311228, "duration": 120.24643731117249, "step": 76000}
{"episode_reward": 962.0, "episode": 153.0, "batch_reward": 1.5446796875, "critic_loss": 0.8501106748580932, "actor_loss": -146.17639208984374, "actor_target_entropy": -2.0, "actor_entropy": 0.4907246618270874, "alpha_loss": 0.0024939940604381265, "alpha_value": 0.15334408433707297, "duration": 120.61810755729675, "step": 76500}
{"episode_reward": 963.0, "episode": 154.0, "batch_reward": 1.54881640625, "critic_loss": 0.8171126309633255, "actor_loss": -146.48280700683594, "actor_target_entropy": -2.0, "actor_entropy": 0.4713438512086868, "alpha_loss": 0.0015826879339292646, "alpha_value": 0.15291478614262688, "duration": 121.20776844024658, "step": 77000}
{"episode_reward": 964.0, "episode": 155.0, "batch_reward": 1.54858984375, "critic_loss": 0.8214932995438575, "actor_loss": -146.79562225341797, "actor_target_entropy": -2.0, "actor_entropy": 0.48396337795257566, "alpha_loss": 0.002385457575786859, "alpha_value": 0.1522129699569571, "duration": 120.20818138122559, "step": 77500}
{"episode_reward": 929.0, "episode": 156.0, "batch_reward": 1.55211328125, "critic_loss": 0.8266658744812012, "actor_loss": -147.05862701416015, "actor_target_entropy": -2.0, "actor_entropy": 0.48049832952022553, "alpha_loss": 0.0015380205414257944, "alpha_value": 0.15179437908823054, "duration": 120.56036710739136, "step": 78000}
{"episode_reward": 968.0, "episode": 157.0, "batch_reward": 1.55105859375, "critic_loss": 0.8452979786396027, "actor_loss": -147.30641400146484, "actor_target_entropy": -2.0, "actor_entropy": 0.45648900270462034, "alpha_loss": -0.002160288160201162, "alpha_value": 0.15194620220868246, "duration": 120.89524340629578, "step": 78500}
{"episode_reward": 944.0, "episode": 158.0, "batch_reward": 1.5544609375, "critic_loss": 0.8329369606375694, "actor_loss": -147.5905620727539, "actor_target_entropy": -2.0, "actor_entropy": 0.4679048144817352, "alpha_loss": 0.0007910942020826041, "alpha_value": 0.15197522427020957, "duration": 120.85512161254883, "step": 79000}
{"episode_reward": 950.0, "episode": 159.0, "batch_reward": 1.558359375, "critic_loss": 0.831517972111702, "actor_loss": -147.8586641845703, "actor_target_entropy": -2.0, "actor_entropy": 0.47412456035614015, "alpha_loss": 0.0005135009214282036, "alpha_value": 0.1517606488418737, "duration": 120.75853395462036, "step": 79500}
{"episode_reward": 957.0, "episode": 160.0, "batch_reward": 1.562421875, "critic_loss": 0.7959468902945519, "actor_loss": -148.1515853881836, "actor_target_entropy": -2.0, "actor_entropy": 0.48104868018627167, "alpha_loss": 0.001427717240061611, "alpha_value": 0.15166604483617416, "step": 80000}
{"duration": 153.09638929367065, "step": 80000}
{"episode_reward": 942.0, "episode": 161.0, "batch_reward": 1.5635, "critic_loss": 0.7975130842328072, "actor_loss": -148.40911334228517, "actor_target_entropy": -2.0, "actor_entropy": 0.48037361335754397, "alpha_loss": 0.001057571651879698, "alpha_value": 0.15135736907470826, "duration": 124.44478011131287, "step": 80500}
{"episode_reward": 980.0, "episode": 162.0, "batch_reward": 1.5685390625, "critic_loss": 0.7775719555020333, "actor_loss": -148.70580297851564, "actor_target_entropy": -2.0, "actor_entropy": 0.47895411455631254, "alpha_loss": 0.00235468611959368, "alpha_value": 0.1511576743100611, "duration": 123.25146126747131, "step": 81000}
{"episode_reward": 976.0, "episode": 163.0, "batch_reward": 1.56976953125, "critic_loss": 0.80698714864254, "actor_loss": -148.9537110595703, "actor_target_entropy": -2.0, "actor_entropy": 0.4689481620788574, "alpha_loss": -9.418023005127906e-05, "alpha_value": 0.1509018476746833, "duration": 123.33303165435791, "step": 81500}
{"episode_reward": 978.0, "episode": 164.0, "batch_reward": 1.56989453125, "critic_loss": 0.8253663389086723, "actor_loss": -149.20404699707032, "actor_target_entropy": -2.0, "actor_entropy": 0.47623172533512115, "alpha_loss": 0.0020128372779581695, "alpha_value": 0.1505111832615485, "duration": 122.96576237678528, "step": 82000}
{"episode_reward": 955.0, "episode": 165.0, "batch_reward": 1.57354296875, "critic_loss": 0.7495630979537964, "actor_loss": -149.44262060546876, "actor_target_entropy": -2.0, "actor_entropy": 0.4696181443333626, "alpha_loss": 0.0016202113400213421, "alpha_value": 0.1500956403369204, "duration": 122.37297320365906, "step": 82500}
{"episode_reward": 965.0, "episode": 166.0, "batch_reward": 1.5711953125, "critic_loss": 0.7627798640131951, "actor_loss": -149.62278350830078, "actor_target_entropy": -2.0, "actor_entropy": 0.4412432799339294, "alpha_loss": 0.0008846077197231352, "alpha_value": 0.14982220799283147, "duration": 122.36901473999023, "step": 83000}
{"episode_reward": 951.0, "episode": 167.0, "batch_reward": 1.57848046875, "critic_loss": 0.8088188920617103, "actor_loss": -149.88915911865234, "actor_target_entropy": -2.0, "actor_entropy": 0.464485608458519, "alpha_loss": -0.0006391207100823522, "alpha_value": 0.1498265233802683, "duration": 122.0886504650116, "step": 83500}
{"episode_reward": 958.0, "episode": 168.0, "batch_reward": 1.57712890625, "critic_loss": 0.7641281816363334, "actor_loss": -150.1018583984375, "actor_target_entropy": -2.0, "actor_entropy": 0.4620874301195145, "alpha_loss": -0.000516740107908845, "alpha_value": 0.14990846616858697, "duration": 122.05264258384705, "step": 84000}
{"episode_reward": 941.0, "episode": 169.0, "batch_reward": 1.5804375, "critic_loss": 0.7746040130257607, "actor_loss": -150.33932958984374, "actor_target_entropy": -2.0, "actor_entropy": 0.4565085359811783, "alpha_loss": -0.0003309928188100457, "alpha_value": 0.150162027470812, "duration": 122.32639479637146, "step": 84500}
{"episode_reward": 938.0, "episode": 170.0, "batch_reward": 1.58223828125, "critic_loss": 0.7586124775409698, "actor_loss": -150.57116442871094, "actor_target_entropy": -2.0, "actor_entropy": 0.4617220410108566, "alpha_loss": 0.00179551250487566, "alpha_value": 0.14988493338627767, "step": 85000}
{"duration": 154.48635721206665, "step": 85000}
{"episode_reward": 912.0, "episode": 171.0, "batch_reward": 1.58184375, "critic_loss": 0.8410704574584961, "actor_loss": -150.7821632080078, "actor_target_entropy": -2.0, "actor_entropy": 0.44823621702194216, "alpha_loss": 0.0015574343330226838, "alpha_value": 0.1495087123376183, "duration": 123.9068672657013, "step": 85500}
{"episode_reward": 957.0, "episode": 172.0, "batch_reward": 1.58545703125, "critic_loss": 0.8421516842246055, "actor_loss": -151.00451318359376, "actor_target_entropy": -2.0, "actor_entropy": 0.45418752896785736, "alpha_loss": 0.001993373647797853, "alpha_value": 0.14901311754751045, "duration": 124.19696927070618, "step": 86000}
{"episode_reward": 973.0, "episode": 173.0, "batch_reward": 1.58812890625, "critic_loss": 0.7553847924470901, "actor_loss": -151.20546691894532, "actor_target_entropy": -2.0, "actor_entropy": 0.4485054579973221, "alpha_loss": 0.0010811253506690264, "alpha_value": 0.14869986112070238, "duration": 122.82475519180298, "step": 86500}
{"episode_reward": 976.0, "episode": 174.0, "batch_reward": 1.59164453125, "critic_loss": 0.794946836411953, "actor_loss": -151.44634399414062, "actor_target_entropy": -2.0, "actor_entropy": 0.4555163110494614, "alpha_loss": 5.8831150643527505e-05, "alpha_value": 0.1485761536930968, "duration": 122.49685215950012, "step": 87000}
{"episode_reward": 958.0, "episode": 175.0, "batch_reward": 1.58944921875, "critic_loss": 0.7838524505496025, "actor_loss": -151.61318969726562, "actor_target_entropy": -2.0, "actor_entropy": 0.46516027343273164, "alpha_loss": 0.0016230492647737265, "alpha_value": 0.1483706478277845, "duration": 123.05522298812866, "step": 87500}
{"episode_reward": 957.0, "episode": 176.0, "batch_reward": 1.592078125, "critic_loss": 0.8075841512084008, "actor_loss": -151.83917590332032, "actor_target_entropy": -2.0, "actor_entropy": 0.4607341363430023, "alpha_loss": -2.7219973970204592e-05, "alpha_value": 0.1481811687272026, "duration": 122.38211441040039, "step": 88000}
{"episode_reward": 942.0, "episode": 177.0, "batch_reward": 1.59419921875, "critic_loss": 0.792994746029377, "actor_loss": -152.05828106689452, "actor_target_entropy": -2.0, "actor_entropy": 0.4424320603609085, "alpha_loss": 0.0015771514154039323, "alpha_value": 0.14793870058144595, "duration": 122.58553099632263, "step": 88500}
{"episode_reward": 959.0, "episode": 178.0, "batch_reward": 1.5975390625, "critic_loss": 0.7822741410732269, "actor_loss": -152.2670498046875, "actor_target_entropy": -2.0, "actor_entropy": 0.451556689620018, "alpha_loss": 0.001721516141667962, "alpha_value": 0.14772284926149395, "duration": 123.79420399665833, "step": 89000}
{"episode_reward": 953.0, "episode": 179.0, "batch_reward": 1.59838671875, "critic_loss": 0.7848472177982331, "actor_loss": -152.41912451171876, "actor_target_entropy": -2.0, "actor_entropy": 0.4444275624752045, "alpha_loss": 0.0007956474670208991, "alpha_value": 0.14737354158953195, "duration": 124.36013603210449, "step": 89500}
{"episode_reward": 973.0, "episode": 180.0, "batch_reward": 1.598421875, "critic_loss": 0.7751562837958336, "actor_loss": -152.64242669677733, "actor_target_entropy": -2.0, "actor_entropy": 0.44384721779823305, "alpha_loss": 0.0008604007149115205, "alpha_value": 0.14720784267747725, "step": 90000}
{"duration": 156.65997314453125, "step": 90000}
{"episode_reward": 970.0, "episode": 181.0, "batch_reward": 1.602078125, "critic_loss": 0.7830077441334724, "actor_loss": -152.85493041992189, "actor_target_entropy": -2.0, "actor_entropy": 0.45562447667121886, "alpha_loss": 0.003331544905435294, "alpha_value": 0.14666273820905468, "duration": 125.92131662368774, "step": 90500}
{"episode_reward": 966.0, "episode": 182.0, "batch_reward": 1.60271484375, "critic_loss": 0.729226418197155, "actor_loss": -153.04534997558594, "actor_target_entropy": -2.0, "actor_entropy": 0.4581652776002884, "alpha_loss": 0.0020529541703872382, "alpha_value": 0.14599129005554853, "duration": 120.31107687950134, "step": 91000}
{"episode_reward": 965.0, "episode": 183.0, "batch_reward": 1.608203125, "critic_loss": 0.7429435690641403, "actor_loss": -153.23612548828126, "actor_target_entropy": -2.0, "actor_entropy": 0.4320771161317825, "alpha_loss": 0.0023347027972340584, "alpha_value": 0.14543215866011047, "duration": 120.7800145149231, "step": 91500}
{"episode_reward": 957.0, "episode": 184.0, "batch_reward": 1.60885546875, "critic_loss": 0.7537149424552918, "actor_loss": -153.43518920898438, "actor_target_entropy": -2.0, "actor_entropy": 0.45621369969844816, "alpha_loss": 0.004874404492322355, "alpha_value": 0.14458324244752663, "duration": 124.07853674888611, "step": 92000}
{"episode_reward": 951.0, "episode": 185.0, "batch_reward": 1.60878515625, "critic_loss": 0.7333055927157403, "actor_loss": -153.6173250732422, "actor_target_entropy": -2.0, "actor_entropy": 0.44932091534137725, "alpha_loss": 0.003283113969489932, "alpha_value": 0.14394878616192736, "duration": 124.80649590492249, "step": 92500}
{"episode_reward": 966.0, "episode": 186.0, "batch_reward": 1.61093359375, "critic_loss": 0.7472394942045212, "actor_loss": -153.83366033935548, "actor_target_entropy": -2.0, "actor_entropy": 0.4455814632177353, "alpha_loss": 0.003948223036248237, "alpha_value": 0.14293927676455886, "duration": 123.5275182723999, "step": 93000}
{"episode_reward": 955.0, "episode": 187.0, "batch_reward": 1.6117734375, "critic_loss": 0.7456536187529564, "actor_loss": -154.01528924560546, "actor_target_entropy": -2.0, "actor_entropy": 0.4149903124570847, "alpha_loss": -0.0015437127607874572, "alpha_value": 0.14263931932659943, "duration": 122.8779673576355, "step": 93500}
{"episode_reward": 940.0, "episode": 188.0, "batch_reward": 1.61348046875, "critic_loss": 0.7813103833198547, "actor_loss": -154.21594305419922, "actor_target_entropy": -2.0, "actor_entropy": 0.4254620302915573, "alpha_loss": -0.000508687399327755, "alpha_value": 0.14303298645471677, "duration": 123.75416707992554, "step": 94000}
{"episode_reward": 968.0, "episode": 189.0, "batch_reward": 1.61427734375, "critic_loss": 0.750371980369091, "actor_loss": -154.4002763671875, "actor_target_entropy": -2.0, "actor_entropy": 0.4270746568441391, "alpha_loss": -5.381338857114315e-05, "alpha_value": 0.14286885285551285, "duration": 124.63963985443115, "step": 94500}
{"episode_reward": 968.0, "episode": 190.0, "batch_reward": 1.61462890625, "critic_loss": 0.7471044998168945, "actor_loss": -154.54334423828124, "actor_target_entropy": -2.0, "actor_entropy": 0.4039299627542496, "alpha_loss": -0.001567537050228566, "alpha_value": 0.14308549160121636, "step": 95000}
{"duration": 156.62983536720276, "step": 95000}
{"episode_reward": 962.0, "episode": 191.0, "batch_reward": 1.62149609375, "critic_loss": 0.764885507941246, "actor_loss": -154.75988507080078, "actor_target_entropy": -2.0, "actor_entropy": 0.42665230357646944, "alpha_loss": -0.00030801774095743896, "alpha_value": 0.14342905213666612, "duration": 126.93849205970764, "step": 95500}
{"episode_reward": 981.0, "episode": 192.0, "batch_reward": 1.62246484375, "critic_loss": 0.7061420993804932, "actor_loss": -154.94698345947265, "actor_target_entropy": -2.0, "actor_entropy": 0.4029519647359848, "alpha_loss": 0.0019329516002908349, "alpha_value": 0.14325085482115438, "duration": 126.08443784713745, "step": 96000}
{"episode_reward": 967.0, "episode": 193.0, "batch_reward": 1.62412109375, "critic_loss": 0.7133796887397766, "actor_loss": -155.09978167724609, "actor_target_entropy": -2.0, "actor_entropy": 0.4084353461265564, "alpha_loss": 0.00046606882382184265, "alpha_value": 0.1428509569264767, "duration": 124.60397481918335, "step": 96500}
{"episode_reward": 911.0, "episode": 194.0, "batch_reward": 1.62320703125, "critic_loss": 0.7528696068525315, "actor_loss": -155.2512272338867, "actor_target_entropy": -2.0, "actor_entropy": 0.4282940058708191, "alpha_loss": 0.0023049135645851495, "alpha_value": 0.1424814439974636, "duration": 123.06148409843445, "step": 97000}
{"episode_reward": 934.0, "episode": 195.0, "batch_reward": 1.62480859375, "critic_loss": 0.7580286942720413, "actor_loss": -155.4057705078125, "actor_target_entropy": -2.0, "actor_entropy": 0.43972713404893876, "alpha_loss": 0.0033239139737561347, "alpha_value": 0.14184623018215925, "duration": 124.55619263648987, "step": 97500}
{"episode_reward": 964.0, "episode": 196.0, "batch_reward": 1.62716015625, "critic_loss": 0.7566644471287728, "actor_loss": -155.62682403564452, "actor_target_entropy": -2.0, "actor_entropy": 0.4128740383386612, "alpha_loss": 0.001135853596031666, "alpha_value": 0.1412598733465616, "duration": 124.00268387794495, "step": 98000}
{"episode_reward": 962.0, "episode": 197.0, "batch_reward": 1.6261484375, "critic_loss": 0.7541015287041664, "actor_loss": -155.70438275146483, "actor_target_entropy": -2.0, "actor_entropy": 0.42674784624576567, "alpha_loss": 0.0025668990379199385, "alpha_value": 0.14100439127369163, "duration": 124.75475764274597, "step": 98500}
{"episode_reward": 970.0, "episode": 198.0, "batch_reward": 1.6295625, "critic_loss": 0.7703585136532783, "actor_loss": -155.949060546875, "actor_target_entropy": -2.0, "actor_entropy": 0.4210417168140411, "alpha_loss": 0.002905461713671684, "alpha_value": 0.14018272209738958, "duration": 125.28856778144836, "step": 99000}
{"episode_reward": 954.0, "episode": 199.0, "batch_reward": 1.63165234375, "critic_loss": 0.7239900384545326, "actor_loss": -156.0808071899414, "actor_target_entropy": -2.0, "actor_entropy": 0.41948947072029114, "alpha_loss": 0.0007216573809273541, "alpha_value": 0.14003658806235356, "duration": 126.77155041694641, "step": 99500}
{"episode_reward": 964.0, "episode": 200.0, "batch_reward": 1.631873121242485, "critic_loss": 0.7219130724130985, "actor_loss": -156.23397229003905, "actor_target_entropy": -2.0, "actor_entropy": 0.41164955180883406, "alpha_loss": -0.0008408805322833359, "alpha_value": 0.1400514787555013, "step": 99999}
